<?xml version="1.0" encoding="UTF-8"?>
<testsuite xmlns:xsi="http://www.w3.org/2001/XMLSchema-instance" xsi:noNamespaceSchemaLocation="https://maven.apache.org/surefire/maven-surefire-plugin/xsd/surefire-test-report.xsd" version="3.0.2" name="org.mybatis.jpetstore.service.CatalogServiceTest" time="0.224" tests="9" errors="0" skipped="0" failures="0">
  <properties>
[...]
</properties>
  <testcase name="shouldReturnItemList" classname="org.mybatis.jpetstore.service.CatalogServiceTest" time="0.188"/>
  <testcase name="shouldReturnCategoryList" classname="org.mybatis.jpetstore.service.CatalogServiceTest" time="0.004"/>
  <testcase name="shouldCallTheSearchMapperTwice" classname="org.mybatis.jpetstore.service.CatalogServiceTest" time="0.003"/>
  <testcase name="shouldReturnItem" classname="org.mybatis.jpetstore.service.CatalogServiceTest" time="0.003"/>
  <testcase name="shouldReturnProduct" classname="org.mybatis.jpetstore.service.CatalogServiceTest" time="0.003"/>
  <testcase name="shouldReturnProductList" classname="org.mybatis.jpetstore.service.CatalogServiceTest" time="0.003"/>
  <testcase name="shouldReturnFalseWhenNotExistStock" classname="org.mybatis.jpetstore.service.CatalogServiceTest" time="0.004"/>
  <testcase name="shouldReturnCategory" classname="org.mybatis.jpetstore.service.CatalogServiceTest" time="0.003"/>
  <testcase name="shouldReturnTrueWhenExistStock" classname="org.mybatis.jpetstore.service.CatalogServiceTest" time="0.004"/>
</testsuite>